This is LuaHBTeX, Version 1.17.0 (MiKTeX 23.5) (format=lualatex 2025.11.7)  7 NOV 2025 18:42
 restricted system commands enabled.
**index.tex
(./index.tex
LaTeX2e <2023-06-01> patch level 1
L3 programming layer <2023-06-30>
Lua module: luaotfload 2022-10-03 3.23 Lua based OpenType font support
Lua module: lualibs 2022-10-04 2.75 ConTeXt Lua standard libraries.
Lua module: lualibs-extended 2022-10-04 2.75 ConTeXt Lua libraries -- extended c
ollection.
luaotfload | conf : Root cache directory is "C:/Users/Galina/AppData/Local/MiKTe
X/luatex-cache/generic/names".
luaotfload | init : Loading fontloader "fontloader-2022-10-03.lua" from kpse-res
olved path "C:/Program Files/MiKTeX/tex/luatex/luaotfload/fontloader-2022-10-03.
lua".
Lua-only attribute luaotfload@noligature = 1
luaotfload | init : Context OpenType loader version 3.120
Inserting `luaotfload.node_processor' in `pre_linebreak_filter'.
Inserting `luaotfload.node_processor' in `hpack_filter'.
Inserting `luaotfload.glyph_stream' in `glyph_stream_provider'.
Inserting `luaotfload.define_font' in `define_font'.
Lua-only attribute luaotfload_color_attribute = 2
luaotfload | conf : Root cache directory is "C:/Users/Galina/AppData/Local/MiKTe
X/luatex-cache/generic/names".
Inserting `luaotfload.harf.strip_prefix' in `find_opentype_file'.
Inserting `luaotfload.harf.strip_prefix' in `find_truetype_file'.
Removing  `luaotfload.glyph_stream' from `glyph_stream_provider'.
Inserting `luaotfload.harf.glyphstream' in `glyph_stream_provider'.
Inserting `luaotfload.harf.finalize_vlist' in `post_linebreak_filter'.
Inserting `luaotfload.harf.finalize_hlist' in `hpack_filter'.
Inserting `luaotfload.cleanup_files' in `wrapup_run'.
Inserting `luaotfload.harf.finalize_unicode' in `finish_pdffile'.
Inserting `luaotfload.glyphinfo' in `glyph_info'.
Lua-only attribute luaotfload.letterspace_done = 3
Inserting `luaotfload.aux.set_sscale_dimens' in `luaotfload.patch_font'.
Inserting `luaotfload.aux.set_font_index' in `luaotfload.patch_font'.
Inserting `luaotfload.aux.patch_cambria_domh' in `luaotfload.patch_font'.
Inserting `luaotfload.aux.fixup_fontdata' in `luaotfload.patch_font_unsafe'.
Inserting `luaotfload.aux.set_capheight' in `luaotfload.patch_font'.
Inserting `luaotfload.aux.set_xheight' in `luaotfload.patch_font'.
Inserting `luaotfload.rewrite_fontname' in `luaotfload.patch_font'.
Inserting `tracingstacklevels' in `input_level_string'. ("C:/Program Files/MiKT
eX/tex/latex/koma-script/scrreprt.cls"
Document Class: scrreprt 2025/09/09 v3.48 KOMA-Script document class (report)
("C:/Program Files/MiKTeX/tex/latex/koma-script/scrkbase.sty"
Package: scrkbase 2025/09/09 v3.48 KOMA-Script package (KOMA-Script-dependent b
asics and keyval usage)
("C:/Program Files/MiKTeX/tex/latex/koma-script/scrbase.sty"
Package: scrbase 2025/09/09 v3.48 KOMA-Script package (KOMA-Script-independent 
basics and keyval usage)
("C:/Program Files/MiKTeX/tex/latex/koma-script/scrlfile.sty"
Package: scrlfile 2025/09/09 v3.48 KOMA-Script package (file load hooks)
("C:/Program Files/MiKTeX/tex/latex/koma-script/scrlfile-hook.sty"
Package: scrlfile-hook 2025/09/09 v3.48 KOMA-Script package (using LaTeX hooks)

("C:/Program Files/MiKTeX/tex/latex/koma-script/scrlogo.sty"
Package: scrlogo 2025/09/09 v3.48 KOMA-Script package (logo)
))) ("C:/Program Files/MiKTeX/tex/latex/graphics/keyval.sty"
Package: keyval 2022/05/29 v1.15 key=value parser (DPC)
\KV@toks@=\toks17
)
Applying: [2021/05/01] Usage of raw or classic option list on input line 254.
Already applied: [0000/00/00] Usage of raw or classic option list on input line
 370.
)) ("C:/Program Files/MiKTeX/tex/latex/koma-script/tocbasic.sty"
Package: tocbasic 2025/09/09 v3.48 KOMA-Script package (handling toc-files)
! Undefined control sequence.
<argument> \tl_if_eq:VnT 
              \everypar {\@nodocument }{\str_if_in:nnTF {,table,figure,,}{,,}{\
l.282 \tocbasic_define_caption_keys:n {}
                                      

Here is how much of LuaTeX's memory you used:
 725 strings out of 477545
 100000,1977958 words of node,token memory allocated
 307 words of node memory still in use:
   1 hlist, 1 dir, 3 kern, 1 glyph, 1 attribute, 39 glue_spec, 1 attribute_list,
 3 if_stack nodes
   avail lists: 2:7,3:3,4:1
 21801 multiletter control sequences out of 65536+600000
 14 fonts using 591679 bytes
 108i,0n,101p,287b,17s stack positions out of 10000i,1000n,20000p,200000b,200000s
!  ==> Fatal error occurred, no output PDF file produced!
